0 info it worked if it ends with ok
1 verbose cli [ 'C:\\Program Files\\nodejs\\node.exe',
1 verbose cli   'C:\\Users\\Admin\\AppData\\Roaming\\npm\\node_modules\\npm\\bin\\npm-cli.js',
1 verbose cli   'start' ]
2 info using npm@3.10.8
3 info using node@v6.9.2
4 verbose run-script [ 'prestart', 'start', 'poststart' ]
5 info lifecycle solitaire@0.0.0~prestart: solitaire@0.0.0
6 verbose lifecycle solitaire@0.0.0~prestart: unsafe-perm in lifecycle true
7 verbose lifecycle solitaire@0.0.0~prestart: PATH: C:\Users\Admin\AppData\Roaming\npm\node_modules\npm\bin\node-gyp-bin;D:\server\OpenServer\domains\solitaire-systemjs-course-master\node_modules\.bin;C:\Users\Admin\bin;C:\Program Files\Git\mingw64\bin;C:\Program Files\Git\usr\local\bin;C:\Program Files\Git\usr\bin;C:\Program Files\Git\usr\bin;C:\Program Files\Git\mingw64\bin;C:\Program Files\Git\usr\bin;C:\Users\Admin\bin;C:\Ruby23-x64\bin;C:\Program Files\nodejs;C:\Program Files (x86)\Skype\Phone;C:\Users\Admin\AppData\Roaming\npm;C:\Program Files\Git\usr\bin\vendor_perl;C:\Program Files\Git\usr\bin\core_perl
8 verbose lifecycle solitaire@0.0.0~prestart: CWD: D:\server\OpenServer\domains\solitaire-systemjs-course-master
9 silly lifecycle solitaire@0.0.0~prestart: Args: [ '/d /s /c', 'npm install' ]
10 silly lifecycle solitaire@0.0.0~prestart: Returned: code: 0  signal: null
11 info lifecycle solitaire@0.0.0~start: solitaire@0.0.0
12 verbose lifecycle solitaire@0.0.0~start: unsafe-perm in lifecycle true
13 verbose lifecycle solitaire@0.0.0~start: PATH: C:\Users\Admin\AppData\Roaming\npm\node_modules\npm\bin\node-gyp-bin;D:\server\OpenServer\domains\solitaire-systemjs-course-master\node_modules\.bin;C:\Users\Admin\bin;C:\Program Files\Git\mingw64\bin;C:\Program Files\Git\usr\local\bin;C:\Program Files\Git\usr\bin;C:\Program Files\Git\usr\bin;C:\Program Files\Git\mingw64\bin;C:\Program Files\Git\usr\bin;C:\Users\Admin\bin;C:\Ruby23-x64\bin;C:\Program Files\nodejs;C:\Program Files (x86)\Skype\Phone;C:\Users\Admin\AppData\Roaming\npm;C:\Program Files\Git\usr\bin\vendor_perl;C:\Program Files\Git\usr\bin\core_perl
14 verbose lifecycle solitaire@0.0.0~start: CWD: D:\server\OpenServer\domains\solitaire-systemjs-course-master
15 silly lifecycle solitaire@0.0.0~start: Args: [ '/d /s /c', 'http-server -c-1 -o' ]
16 silly lifecycle solitaire@0.0.0~start: Returned: code: 1  signal: null
17 info lifecycle solitaire@0.0.0~start: Failed to exec start script
18 verbose stack Error: solitaire@0.0.0 start: `http-server -c-1 -o`
18 verbose stack Exit status 1
18 verbose stack     at EventEmitter.<anonymous> (C:\Users\Admin\AppData\Roaming\npm\node_modules\npm\lib\utils\lifecycle.js:255:16)
18 verbose stack     at emitTwo (events.js:106:13)
18 verbose stack     at EventEmitter.emit (events.js:191:7)
18 verbose stack     at ChildProcess.<anonymous> (C:\Users\Admin\AppData\Roaming\npm\node_modules\npm\lib\utils\spawn.js:40:14)
18 verbose stack     at emitTwo (events.js:106:13)
18 verbose stack     at ChildProcess.emit (events.js:191:7)
18 verbose stack     at maybeClose (internal/child_process.js:877:16)
18 verbose stack     at Process.ChildProcess._handle.onexit (internal/child_process.js:226:5)
19 verbose pkgid solitaire@0.0.0
20 verbose cwd D:\server\OpenServer\domains\solitaire-systemjs-course-master
21 error Windows_NT 6.1.7601
22 error argv "C:\\Program Files\\nodejs\\node.exe" "C:\\Users\\Admin\\AppData\\Roaming\\npm\\node_modules\\npm\\bin\\npm-cli.js" "start"
23 error node v6.9.2
24 error npm  v3.10.8
25 error code ELIFECYCLE
26 error solitaire@0.0.0 start: `http-server -c-1 -o`
26 error Exit status 1
27 error Failed at the solitaire@0.0.0 start script 'http-server -c-1 -o'.
27 error Make sure you have the latest version of node.js and npm installed.
27 error If you do, this is most likely a problem with the solitaire package,
27 error not with npm itself.
27 error Tell the author that this fails on your system:
27 error     http-server -c-1 -o
27 error You can get information on how to open an issue for this project with:
27 error     npm bugs solitaire
27 error Or if that isn't available, you can get their info via:
27 error     npm owner ls solitaire
27 error There is likely additional logging output above.
28 verbose exit [ 1, true ]
